<?xml version="1.0" encoding="UTF-8"?>
<testng-results ignored="0" total="1" passed="1" failed="0" skipped="0">
  <reporter-output>
  </reporter-output>
  <suite started-at="2022-09-17T21:58:19 IST" name="selenium.org.TestHelloWorld" finished-at="2022-09-17T21:58:58 IST" duration-ms="38949">
    <groups>
    </groups>
    <test started-at="2022-09-17T21:58:19 IST" name="Command line test" finished-at="2022-09-17T21:58:58 IST" duration-ms="38949">
      <class name="selenium.org.TestHelloWorld">
        <test-method signature="testhelloworld()[pri:0, instance:selenium.org.TestHelloWorld@57a3af25]" started-at="2022-09-17T21:58:20 IST" name="testhelloworld" finished-at="2022-09-17T21:58:58 IST" duration-ms="38897" status="PASS">
          <reporter-output>
          </reporter-output>
        </test-method> <!-- testhelloworld -->
      </class> <!-- selenium.org.TestHelloWorld -->
    </test> <!-- Command line test -->
  </suite> <!-- selenium.org.TestHelloWorld -->
</testng-results>
